==========================================
SLURM_JOB_ID = 8722
SLURM_NODELIST = pascal-node10.l3s.intra
==========================================
--- ARCOS MNIST JOB ---
Job ID: 8722, Task ID: 34
Running on: pascal-node10
Working Directory: /home/ali.rasekh/orm/hos/geom/ARCOS
Params: rotation 2 10
-----------------------
Pre-downloading MNIST dataset...
Installing/updating dependencies...
Looking in indexes: https://pypi.org/simple, https://packagecloud.io/github/git-lfs/pypi/simple
Requirement already satisfied: torch in /home/ali.rasekh/miniconda3/envs/newenv/envs/arcos/lib/python3.10/site-packages (from -r exp_7_shifted_mnist/requirements.txt (line 1)) (2.8.0)
Requirement already satisfied: torchvision in /home/ali.rasekh/miniconda3/envs/newenv/envs/arcos/lib/python3.10/site-packages (from -r exp_7_shifted_mnist/requirements.txt (line 2)) (0.23.0)
Requirement already satisfied: numpy in /home/ali.rasekh/miniconda3/envs/newenv/envs/arcos/lib/python3.10/site-packages (from -r exp_7_shifted_mnist/requirements.txt (line 3)) (1.26.4)
Requirement already satisfied: pandas in /home/ali.rasekh/miniconda3/envs/newenv/envs/arcos/lib/python3.10/site-packages (from -r exp_7_shifted_mnist/requirements.txt (line 4)) (2.3.1)
Requirement already satisfied: scipy in /home/ali.rasekh/miniconda3/envs/newenv/envs/arcos/lib/python3.10/site-packages (from -r exp_7_shifted_mnist/requirements.txt (line 5)) (1.15.2)
Requirement already satisfied: tqdm in /home/ali.rasekh/miniconda3/envs/newenv/envs/arcos/lib/python3.10/site-packages (from -r exp_7_shifted_mnist/requirements.txt (line 6)) (4.67.1)
Requirement already satisfied: scikit-learn in /home/ali.rasekh/miniconda3/envs/newenv/envs/arcos/lib/python3.10/site-packages (from -r exp_7_shifted_mnist/requirements.txt (line 7)) (1.7.1)
Requirement already satisfied: typing-extensions in /home/ali.rasekh/miniconda3/envs/newenv/envs/arcos/lib/python3.10/site-packages (from -r exp_7_shifted_mnist/requirements.txt (line 8)) (4.14.1)
Requirement already satisfied: filelock in /home/ali.rasekh/miniconda3/envs/newenv/envs/arcos/lib/python3.10/site-packages (from torch->-r exp_7_shifted_mnist/requirements.txt (line 1)) (3.18.0)
Requirement already satisfied: sympy>=1.13.3 in /home/ali.rasekh/miniconda3/envs/newenv/envs/arcos/lib/python3.10/site-packages (from torch->-r exp_7_shifted_mnist/requirements.txt (line 1)) (1.14.0)
Requirement already satisfied: networkx in /home/ali.rasekh/miniconda3/envs/newenv/envs/arcos/lib/python3.10/site-packages (from torch->-r exp_7_shifted_mnist/requirements.txt (line 1)) (3.4.2)
Requirement already satisfied: jinja2 in /home/ali.rasekh/miniconda3/envs/newenv/envs/arcos/lib/python3.10/site-packages (from torch->-r exp_7_shifted_mnist/requirements.txt (line 1)) (3.1.6)
Requirement already satisfied: fsspec in /home/ali.rasekh/miniconda3/envs/newenv/envs/arcos/lib/python3.10/site-packages (from torch->-r exp_7_shifted_mnist/requirements.txt (line 1)) (2025.7.0)
Requirement already satisfied: nvidia-cuda-nvrtc-cu12==12.8.93 in /home/ali.rasekh/miniconda3/envs/newenv/envs/arcos/lib/python3.10/site-packages (from torch->-r exp_7_shifted_mnist/requirements.txt (line 1)) (12.8.93)
Requirement already satisfied: nvidia-cuda-runtime-cu12==12.8.90 in /home/ali.rasekh/miniconda3/envs/newenv/envs/arcos/lib/python3.10/site-packages (from torch->-r exp_7_shifted_mnist/requirements.txt (line 1)) (12.8.90)
Requirement already satisfied: nvidia-cuda-cupti-cu12==12.8.90 in /home/ali.rasekh/miniconda3/envs/newenv/envs/arcos/lib/python3.10/site-packages (from torch->-r exp_7_shifted_mnist/requirements.txt (line 1)) (12.8.90)
Requirement already satisfied: nvidia-cudnn-cu12==9.10.2.21 in /home/ali.rasekh/miniconda3/envs/newenv/envs/arcos/lib/python3.10/site-packages (from torch->-r exp_7_shifted_mnist/requirements.txt (line 1)) (9.10.2.21)
Requirement already satisfied: nvidia-cublas-cu12==12.8.4.1 in /home/ali.rasekh/miniconda3/envs/newenv/envs/arcos/lib/python3.10/site-packages (from torch->-r exp_7_shifted_mnist/requirements.txt (line 1)) (12.8.4.1)
Requirement already satisfied: nvidia-cufft-cu12==11.3.3.83 in /home/ali.rasekh/miniconda3/envs/newenv/envs/arcos/lib/python3.10/site-packages (from torch->-r exp_7_shifted_mnist/requirements.txt (line 1)) (11.3.3.83)
Requirement already satisfied: nvidia-curand-cu12==10.3.9.90 in /home/ali.rasekh/miniconda3/envs/newenv/envs/arcos/lib/python3.10/site-packages (from torch->-r exp_7_shifted_mnist/requirements.txt (line 1)) (10.3.9.90)
Requirement already satisfied: nvidia-cusolver-cu12==11.7.3.90 in /home/ali.rasekh/miniconda3/envs/newenv/envs/arcos/lib/python3.10/site-packages (from torch->-r exp_7_shifted_mnist/requirements.txt (line 1)) (11.7.3.90)
Requirement already satisfied: nvidia-cusparse-cu12==12.5.8.93 in /home/ali.rasekh/miniconda3/envs/newenv/envs/arcos/lib/python3.10/site-packages (from torch->-r exp_7_shifted_mnist/requirements.txt (line 1)) (12.5.8.93)
Requirement already satisfied: nvidia-cusparselt-cu12==0.7.1 in /home/ali.rasekh/miniconda3/envs/newenv/envs/arcos/lib/python3.10/site-packages (from torch->-r exp_7_shifted_mnist/requirements.txt (line 1)) (0.7.1)
Requirement already satisfied: nvidia-nccl-cu12==2.27.3 in /home/ali.rasekh/miniconda3/envs/newenv/envs/arcos/lib/python3.10/site-packages (from torch->-r exp_7_shifted_mnist/requirements.txt (line 1)) (2.27.3)
Requirement already satisfied: nvidia-nvtx-cu12==12.8.90 in /home/ali.rasekh/miniconda3/envs/newenv/envs/arcos/lib/python3.10/site-packages (from torch->-r exp_7_shifted_mnist/requirements.txt (line 1)) (12.8.90)
Requirement already satisfied: nvidia-nvjitlink-cu12==12.8.93 in /home/ali.rasekh/miniconda3/envs/newenv/envs/arcos/lib/python3.10/site-packages (from torch->-r exp_7_shifted_mnist/requirements.txt (line 1)) (12.8.93)
Requirement already satisfied: nvidia-cufile-cu12==1.13.1.3 in /home/ali.rasekh/miniconda3/envs/newenv/envs/arcos/lib/python3.10/site-packages (from torch->-r exp_7_shifted_mnist/requirements.txt (line 1)) (1.13.1.3)
Requirement already satisfied: triton==3.4.0 in /home/ali.rasekh/miniconda3/envs/newenv/envs/arcos/lib/python3.10/site-packages (from torch->-r exp_7_shifted_mnist/requirements.txt (line 1)) (3.4.0)
Requirement already satisfied: setuptools>=40.8.0 in /home/ali.rasekh/miniconda3/envs/newenv/envs/arcos/lib/python3.10/site-packages (from triton==3.4.0->torch->-r exp_7_shifted_mnist/requirements.txt (line 1)) (80.9.0)
Requirement already satisfied: pillow!=8.3.*,>=5.3.0 in /home/ali.rasekh/miniconda3/envs/newenv/envs/arcos/lib/python3.10/site-packages (from torchvision->-r exp_7_shifted_mnist/requirements.txt (line 2)) (11.3.0)
Requirement already satisfied: python-dateutil>=2.8.2 in /home/ali.rasekh/miniconda3/envs/newenv/envs/arcos/lib/python3.10/site-packages (from pandas->-r exp_7_shifted_mnist/requirements.txt (line 4)) (2.9.0.post0)
Requirement already satisfied: pytz>=2020.1 in /home/ali.rasekh/miniconda3/envs/newenv/envs/arcos/lib/python3.10/site-packages (from pandas->-r exp_7_shifted_mnist/requirements.txt (line 4)) (2025.2)
Requirement already satisfied: tzdata>=2022.7 in /home/ali.rasekh/miniconda3/envs/newenv/envs/arcos/lib/python3.10/site-packages (from pandas->-r exp_7_shifted_mnist/requirements.txt (line 4)) (2025.2)
Requirement already satisfied: joblib>=1.2.0 in /home/ali.rasekh/miniconda3/envs/newenv/envs/arcos/lib/python3.10/site-packages (from scikit-learn->-r exp_7_shifted_mnist/requirements.txt (line 7)) (1.5.1)
Requirement already satisfied: threadpoolctl>=3.1.0 in /home/ali.rasekh/miniconda3/envs/newenv/envs/arcos/lib/python3.10/site-packages (from scikit-learn->-r exp_7_shifted_mnist/requirements.txt (line 7)) (3.6.0)
Requirement already satisfied: six>=1.5 in /home/ali.rasekh/miniconda3/envs/newenv/envs/arcos/lib/python3.10/site-packages (from python-dateutil>=2.8.2->pandas->-r exp_7_shifted_mnist/requirements.txt (line 4)) (1.17.0)
Requirement already satisfied: mpmath<1.4,>=1.1.0 in /home/ali.rasekh/miniconda3/envs/newenv/envs/arcos/lib/python3.10/site-packages (from sympy>=1.13.3->torch->-r exp_7_shifted_mnist/requirements.txt (line 1)) (1.3.0)
Requirement already satisfied: MarkupSafe>=2.0 in /home/ali.rasekh/miniconda3/envs/newenv/envs/arcos/lib/python3.10/site-packages (from jinja2->torch->-r exp_7_shifted_mnist/requirements.txt (line 1)) (3.0.2)
Using device: cuda
Running experiment for: rotation, capacity=2, severity=10.0

===== Training Model with 2 layers =====
Traceback (most recent call last):
  File "/home/ali.rasekh/orm/hos/geom/ARCOS/exp_7_shifted_mnist/run_mnist_experiment.py", line 188, in <module>
    run_single_experiment(args)
  File "/home/ali.rasekh/orm/hos/geom/ARCOS/exp_7_shifted_mnist/run_mnist_experiment.py", line 105, in run_single_experiment
    model_q = create_model(args.model_capacity, device)
  File "/home/ali.rasekh/orm/hos/geom/ARCOS/exp_7_shifted_mnist/models.py", line 66, in create_model
    model.to(device)
  File "/home/ali.rasekh/miniconda3/envs/newenv/envs/arcos/lib/python3.10/site-packages/torch/nn/modules/module.py", line 1369, in to
    return self._apply(convert)
  File "/home/ali.rasekh/miniconda3/envs/newenv/envs/arcos/lib/python3.10/site-packages/torch/nn/modules/module.py", line 928, in _apply
    module._apply(fn)
  File "/home/ali.rasekh/miniconda3/envs/newenv/envs/arcos/lib/python3.10/site-packages/torch/nn/modules/module.py", line 928, in _apply
    module._apply(fn)
  File "/home/ali.rasekh/miniconda3/envs/newenv/envs/arcos/lib/python3.10/site-packages/torch/nn/modules/module.py", line 928, in _apply
    module._apply(fn)
  File "/home/ali.rasekh/miniconda3/envs/newenv/envs/arcos/lib/python3.10/site-packages/torch/nn/modules/module.py", line 955, in _apply
    param_applied = fn(param)
  File "/home/ali.rasekh/miniconda3/envs/newenv/envs/arcos/lib/python3.10/site-packages/torch/nn/modules/module.py", line 1355, in convert
    return t.to(
torch.AcceleratorError: CUDA error: uncorrectable ECC error encountered
CUDA kernel errors might be asynchronously reported at some other API call, so the stacktrace below might be incorrect.
For debugging consider passing CUDA_LAUNCH_BLOCKING=1
Compile with `TORCH_USE_CUDA_DSA` to enable device-side assertions.

--- Job Finished ---
